<?xml version="1.0" encoding="UTF-8"?>
<testng-results ignored="0" total="1" passed="1" failed="0" skipped="0">
  <reporter-output>
  </reporter-output>
  <suite started-at="2020-10-06T16:24:20 IST" name="Suite" finished-at="2020-10-06T16:26:08 IST" duration-ms="107797">
    <groups>
      <group name="cucumber">
        <method signature="AbstractTestNGCucumberTests.feature(cucumber.api.testng.CucumberFeatureWrapper)[pri:0, instance:cucumberOptionsPackage.TestRunner@1a6d8329]" name="feature" class="cucumber.api.testng.AbstractTestNGCucumberTests"/>
      </group> <!-- cucumber -->
    </groups>
    <test started-at="2020-10-06T16:24:20 IST" name="home" finished-at="2020-10-06T16:26:08 IST" duration-ms="107797">
      <class name="cucumberOptionsPackage.TestRunner">
        <test-method is-config="true" signature="setUpClass()[pri:0, instance:cucumberOptionsPackage.TestRunner@1a6d8329]" started-at="2020-10-06T16:24:20 IST" name="setUpClass" finished-at="2020-10-06T16:24:21 IST" duration-ms="453" status="PASS">
          <reporter-output>
          </reporter-output>
        </test-method> <!-- setUpClass -->
        <test-method signature="feature(cucumber.api.testng.CucumberFeatureWrapper)[pri:0, instance:cucumberOptionsPackage.TestRunner@1a6d8329]" started-at="2020-10-06T16:24:21 IST" name="feature" description="Runs Cucumber Feature" data-provider="features" finished-at="2020-10-06T16:26:08 IST" duration-ms="107175" status="PASS">
          <params>
            <param index="0">
              <value>
                <![CDATA[Login into Application]]>
              </value>
            </param>
          </params>
          <reporter-output>
          </reporter-output>
        </test-method> <!-- feature -->
        <test-method is-config="true" signature="tearDownClass()[pri:0, instance:cucumberOptionsPackage.TestRunner@1a6d8329]" started-at="2020-10-06T16:26:08 IST" name="tearDownClass" finished-at="2020-10-06T16:26:08 IST" duration-ms="9" status="PASS">
          <reporter-output>
          </reporter-output>
        </test-method> <!-- tearDownClass -->
      </class> <!-- cucumberOptionsPackage.TestRunner -->
    </test> <!-- home -->
  </suite> <!-- Suite -->
</testng-results>
