<?xml version="1.0" encoding="UTF-8"?>
<testng-results ignored="0" total="1" passed="1" failed="0" skipped="0">
  <reporter-output>
  </reporter-output>
  <suite started-at="2020-09-23T12:47:44 IST" name="Default suite" finished-at="2020-09-23T12:47:48 IST" duration-ms="4872">
    <groups>
    </groups>
    <test started-at="2020-09-23T12:47:44 IST" name="Default test" finished-at="2020-09-23T12:47:48 IST" duration-ms="4872">
      <class name="Testcases.Login">
        <test-method signature="LoginApp()[pri:0, instance:Testcases.Login@78b729e6]" started-at="2020-09-23T12:47:44 IST" name="LoginApp" finished-at="2020-09-23T12:47:48 IST" duration-ms="4819" status="PASS">
          <reporter-output>
          </reporter-output>
        </test-method> <!-- LoginApp -->
      </class> <!-- Testcases.Login -->
    </test> <!-- Default test -->
  </suite> <!-- Default suite -->
</testng-results>
