<?xml version="1.0" encoding="UTF-8"?>
<!-- Generated by org.testng.reporters.JUnitXMLReporter -->
<testsuite ignored="1" hostname="LIN34003062" failures="0" tests="1" name="carloan" time="0.013" errors="0" timestamp="2021-05-23T16:05:34 IST">
  <testcase classname="TestNGPackage.ThirdTestNGclass" name="Webcarlon" time="0.008"/>
  <testcase classname="TestNGPackage.ThirdTestNGclass" name="mobilecarloan" time="0.0">
    <ignored/>
  </testcase> <!-- mobilecarloan -->
</testsuite> <!-- carloan -->
