<?xml version="1.0" encoding="UTF-8"?>
<!-- Generated by org.testng.reporters.JUnitXMLReporter -->
<testsuite ignored="4" hostname="LIN34003062" failures="0" tests="4" name="homeloan" time="0.035" errors="0" timestamp="2021-05-23T16:05:34 IST">
  <testcase classname="TestNGPackage.FourthTestNGclass2" name="WebHomelon" time="0.002"/>
  <testcase classname="TestNGPackage.FourthTestNGclass2" name="datademo" time="0.002"/>
  <testcase classname="TestNGPackage.FourthTestNGclass2" name="datademo" time="0.001"/>
  <testcase classname="TestNGPackage.FourthTestNGclass2" name="datademo" time="0.005"/>
  <testcase classname="TestNGPackage.FourthTestNGclass2" name="mobilehomeloan1" time="0.0">
    <ignored/>
  </testcase> <!-- mobilehomeloan1 -->
  <testcase classname="TestNGPackage.FourthTestNGclass2" name="mobilehomeloan3" time="0.0">
    <ignored/>
  </testcase> <!-- mobilehomeloan3 -->
  <testcase classname="TestNGPackage.FourthTestNGclass2" name="mobilehomeloan2" time="0.0">
    <ignored/>
  </testcase> <!-- mobilehomeloan2 -->
  <testcase classname="TestNGPackage.FourthTestNGclass2" name="mobilehomeloan" time="0.0">
    <ignored/>
  </testcase> <!-- mobilehomeloan -->
</testsuite> <!-- homeloan -->
