<?xml version="1.0" encoding="UTF-8"?>
<!-- Generated by org.testng.reporters.JUnitXMLReporter -->
<testsuite ignored="0" hostname="LIN34003062" failures="0" tests="4" name="Personal Oan" time="0.088" errors="0" timestamp="2020-09-10T11:12:57 IST">
  <testcase classname="TestNGPackage.firstTestNGclass" name="test1" time="0.016"/>
  <testcase classname="TestNGPackage.firstTestNGclass" name="test2" time="0.006"/>
  <testcase classname="TestNGPackage.SecondTestNGclass" name="test3" time="0.001"/>
  <testcase classname="TestNGPackage.SecondTestNGclass" name="test4" time="0.004"/>
</testsuite> <!-- Personal Oan -->
