<?xml version="1.0" encoding="UTF-8"?>
<!-- Generated by org.testng.reporters.JUnitXMLReporter -->
<testsuite ignored="2" hostname="LIN34003062" failures="0" tests="2" name="Personal loan" time="0.058" errors="0" timestamp="2021-05-23T16:05:34 IST">
  <testcase classname="TestNGPackage.firstTestNGclass" name="test1" time="0.01"/>
  <testcase classname="TestNGPackage.SecondTestNGclass" name="test4" time="0.002"/>
  <testcase classname="TestNGPackage.firstTestNGclass" name="test2" time="0.0">
    <ignored/>
  </testcase> <!-- test2 -->
  <testcase classname="TestNGPackage.SecondTestNGclass" name="test3" time="0.0">
    <ignored/>
  </testcase> <!-- test3 -->
</testsuite> <!-- Personal loan -->
