<?xml version="1.0" encoding="UTF-8"?>
<!-- Generated by org.testng.reporters.JUnitXMLReporter -->
<testsuite ignored="8" hostname="LIN34003062" failures="0" tests="4" name="Regression" time="0.076" errors="0" timestamp="2020-09-10T18:00:21 IST">
  <testcase classname="TestNGPackage.firstTestNGclass" name="test1" time="0.013"/>
  <testcase classname="TestNGPackage.SecondTestNGclass" name="test4" time="0.003"/>
  <testcase classname="TestNGPackage.ThirdTestNGclass" name="mobilecarloan" time="0.002"/>
  <testcase classname="TestNGPackage.FourthTestNGclass2" name="mobilehomeloan" time="0.003"/>
  <testcase classname="TestNGPackage.FourthTestNGclass2" name="mobilehomeloan1" time="0.0">
    <ignored/>
  </testcase> <!-- mobilehomeloan1 -->
  <testcase classname="TestNGPackage.FourthTestNGclass2" name="mobilehomeloan3" time="0.0">
    <ignored/>
  </testcase> <!-- mobilehomeloan3 -->
  <testcase classname="TestNGPackage.firstTestNGclass" name="test2" time="0.0">
    <ignored/>
  </testcase> <!-- test2 -->
  <testcase classname="TestNGPackage.ThirdTestNGclass" name="Webcarlon" time="0.0">
    <ignored/>
  </testcase> <!-- Webcarlon -->
  <testcase classname="TestNGPackage.firstTestNGclass" name="a" time="0.0">
    <ignored/>
  </testcase> <!-- a -->
  <testcase classname="TestNGPackage.FourthTestNGclass2" name="mobilehomeloan2" time="0.0">
    <ignored/>
  </testcase> <!-- mobilehomeloan2 -->
  <testcase classname="TestNGPackage.SecondTestNGclass" name="test3" time="0.0">
    <ignored/>
  </testcase> <!-- test3 -->
  <testcase classname="TestNGPackage.FourthTestNGclass2" name="WebHomelon" time="0.0">
    <ignored/>
  </testcase> <!-- WebHomelon -->
</testsuite> <!-- Regression -->
