<?xml version="1.0" encoding="UTF-8"?>
<testng-results ignored="0" total="2" passed="2" failed="0" skipped="0">
  <reporter-output>
  </reporter-output>
  <suite started-at="2020-09-19T12:56:42 IST" name="Default suite" finished-at="2020-09-19T12:56:42 IST" duration-ms="57">
    <groups>
    </groups>
    <test started-at="2020-09-19T12:56:42 IST" name="Default test" finished-at="2020-09-19T12:56:42 IST" duration-ms="57">
      <class name="MavenPackage.classAppiumTest">
        <test-method signature="IOSAPP()[pri:0, instance:MavenPackage.classAppiumTest@363ee3a2]" started-at="2020-09-19T12:56:42 IST" name="IOSAPP" finished-at="2020-09-19T12:56:42 IST" duration-ms="11" status="PASS">
          <reporter-output>
          </reporter-output>
        </test-method> <!-- IOSAPP -->
        <test-method signature="NativeAPP()[pri:0, instance:MavenPackage.classAppiumTest@363ee3a2]" started-at="2020-09-19T12:56:42 IST" name="NativeAPP" finished-at="2020-09-19T12:56:42 IST" duration-ms="2" status="PASS">
          <reporter-output>
          </reporter-output>
        </test-method> <!-- NativeAPP -->
      </class> <!-- MavenPackage.classAppiumTest -->
    </test> <!-- Default test -->
  </suite> <!-- Default suite -->
</testng-results>
