<?xml version="1.0" encoding="UTF-8"?>
<!-- Generated by org.testng.reporters.JUnitXMLReporter -->
<testsuite ignored="0" hostname="LIN34003062" failures="0" tests="3" name="Test" time="91.698" errors="0" timestamp="2020-09-29T11:59:53 IST">
  <testcase classname="package1.HomePage" name="homePageNavigation" time="27.865"/>
  <testcase classname="package1.HomePage" name="homePageNavigation" time="19.386"/>
  <testcase classname="package1.ValidateTitle" name="homePageNavigation" time="0.157"/>
</testsuite> <!-- Test -->
