<?xml version="1.0" encoding="UTF-8"?>
<!-- Generated by org.testng.reporters.JUnitXMLReporter -->
<testsuite ignored="0" hostname="LIN34003062" failures="0" tests="4" name="Test" time="0.046" errors="0" timestamp="2020-09-18T11:59:23 IST">
  <testcase classname="MavenPackage.SeleniumTest" name="BrowserAutomation" time="0.005"/>
  <testcase classname="MavenPackage.SeleniumTest" name="Elements" time="0.0"/>
  <testcase classname="MavenPackage.classAppiumTest" name="IOSAPP" time="0.0"/>
  <testcase classname="MavenPackage.classAppiumTest" name="NativeAPP" time="0.0"/>
</testsuite> <!-- Test -->
