<?xml version="1.0" encoding="UTF-8"?>
<!-- Generated by org.testng.reporters.JUnitXMLReporter -->
<testsuite ignored="0" hostname="LIN34003062" failures="1" tests="1" name="Test" time="0.337" errors="0" timestamp="2021-05-21T09:03:32 IST">
  <testcase classname="ExtentPracticeDemo.ExtentReportProjectDemo.class1" name="browerInitialisation" time="0.005">
    <failure type="java.lang.NullPointerException">
      <![CDATA[java.lang.NullPointerException
at ExtentPracticeDemo.ExtentReportProjectDemo.class1.browerInitialisation(class1.java:37)
at java.base/java.util.ArrayList.forEach(ArrayList.java:1540)
... Removed 27 stack frames]]>
    </failure>
  </testcase> <!-- browerInitialisation -->
</testsuite> <!-- Test -->
