<?xml version="1.0" encoding="UTF-8"?>
<!-- Generated by org.testng.reporters.JUnitXMLReporter -->
<testsuite ignored="0" hostname="LIN34003062" failures="1" tests="2" name="validate title" time="112.391" errors="0" timestamp="2020-09-30T11:50:43 IST">
  <testcase classname="package1.ValidateTitle" name="homePageNavigation" time="0.12">
    <failure type="java.lang.AssertionError" message="expected [FEATURED COURSE] but found [FEATURED COURSES]">
      <![CDATA[java.lang.AssertionError: expected [FEATURED COURSE] but found [FEATURED COURSES]
at package1.ValidateTitle.homePageNavigation(ValidateTitle.java:49)
at java.base/java.util.ArrayList.forEach(ArrayList.java:1540)
at java.base/java.util.concurrent.FutureTask.run(FutureTask.java:264)
at java.base/java.util.concurrent.ThreadPoolExecutor.runWorker(ThreadPoolExecutor.java:1128)
at java.base/java.util.concurrent.ThreadPoolExecutor$Worker.run(ThreadPoolExecutor.java:628)
at java.base/java.lang.Thread.run(Thread.java:835)
... Removed 24 stack frames]]>
    </failure>
  </testcase> <!-- homePageNavigation -->
  <testcase classname="package1.ValidateTitle" name="validateContactNavigation" time="0.174"/>
</testsuite> <!-- validate title -->
