<?xml version="1.0" encoding="UTF-8"?>
<!-- Generated by org.testng.reporters.JUnitXMLReporter -->
<testsuite ignored="0" hostname="LIN34003062" failures="0" tests="4" name="Command line test" time="0.065" errors="0" timestamp="2021-08-16T16:29:38 IST">
  <testcase classname="MavenPackage.classAppiumTest" name="IOSAPP" time="0.005"/>
  <testcase classname="MavenPackage.classAppiumTest" name="NativeAPP" time="0.0"/>
  <testcase classname="MavenPackage.SeleniumTest" name="BrowserAutomation" time="0.0"/>
  <testcase classname="MavenPackage.SeleniumTest" name="Elements" time="0.001"/>
</testsuite> <!-- Command line test -->
