<?xml version="1.0" encoding="UTF-8" ?>
<testsuite tests="4" failures="0" name="TestSuite" time="0.011" errors="0" skipped="0">
  <properties>
[...]
</properties>
  <testcase classname="MavenPackage.classAppiumTest" name="IOSAPP" time="0.01"/>
  <testcase classname="MavenPackage.classAppiumTest" name="NativeAPP" time="0.001"/>
  <testcase classname="MavenPackage.SeleniumTest" name="BrowserAutomation" time="0"/>
  <testcase classname="MavenPackage.SeleniumTest" name="Elements" time="0"/>
</testsuite>