<?xml version="1.0" encoding="UTF-8"?>
<testsuite xmlns:xsi="http://www.w3.org/2001/XMLSchema-instance" xsi:noNamespaceSchemaLocation="https://maven.apache.org/surefire/maven-surefire-plugin/xsd/surefire-test-report-3.0.xsd" version="3.0" name="MavenPackage.SeleniumTest" time="0.59" tests="2" errors="0" skipped="0" failures="0">
  <properties>
[...]
</properties>
  <testcase name="BrowserAutomation" classname="MavenPackage.SeleniumTest" time="0.007">
    <system-out><![CDATA[browser automation
]]></system-out>
  </testcase>
  <testcase name="Elements" classname="MavenPackage.SeleniumTest" time="0.001">
    <system-out><![CDATA[elements
]]></system-out>
  </testcase>
</testsuite>